<?xml version="1.0" encoding="UTF-8"?>
<!-- Generated by org.testng.reporters.JUnitXMLReporter -->
<testsuite hostname="Terralogic" name="Test" tests="1" failures="1" timestamp="28 Mar 2017 08:16:34 GMT" time="24.368" errors="0">
  <testcase name="VerifyInvalidLogin_TC02" time="13.769" classname="test.tc_01">
    <failure type="java.lang.AssertionError" message="expected [Wrong password. Try again.] but found []">
      <![CDATA[java.lang.AssertionError: expected [Wrong password. Try again.] but found []
	at test.tc_01.VerifyInvalidLogin_TC02(tc_01.java:53)
... Removed 29 stack frames]]>
    </failure>
  </testcase> <!-- VerifyInvalidLogin_TC02 -->
</testsuite> <!-- Test -->
