<?xml version="1.0" encoding="UTF-8"?>
<testng-results skipped="0" failed="0" total="1" passed="1">
  <reporter-output>
  </reporter-output>
  <suite name="Suite" duration-ms="24980" started-at="2017-03-30T03:38:38Z" finished-at="2017-03-30T03:39:03Z">
    <groups>
    </groups>
    <test name="Test" duration-ms="24980" started-at="2017-03-30T03:38:38Z" finished-at="2017-03-30T03:39:03Z">
      <class name="test.tc_01">
        <test-method status="PASS" signature="PreCondition()[pri:0, instance:test.tc_01@3ac3fd8b]" name="PreCondition" is-config="true" duration-ms="11183" started-at="2017-03-30T09:08:38Z" finished-at="2017-03-30T09:08:50Z">
          <reporter-output>
          </reporter-output>
        </test-method> <!-- PreCondition -->
        <test-method status="PASS" signature="VerifyInvalidLogin_TC02()[pri:0, instance:test.tc_01@3ac3fd8b]" name="VerifyInvalidLogin_TC02" duration-ms="13763" started-at="2017-03-30T09:08:50Z" finished-at="2017-03-30T09:09:03Z">
          <reporter-output>
          </reporter-output>
        </test-method> <!-- VerifyInvalidLogin_TC02 -->
        <test-method status="PASS" signature="afterMethod()[pri:0, instance:test.tc_01@3ac3fd8b]" name="afterMethod" is-config="true" duration-ms="22" started-at="2017-03-30T09:09:03Z" finished-at="2017-03-30T09:09:03Z">
          <reporter-output>
          </reporter-output>
        </test-method> <!-- afterMethod -->
      </class> <!-- test.tc_01 -->
    </test> <!-- Test -->
  </suite> <!-- Suite -->
</testng-results>
